\BOOKMARK [0][]{bookmark.0.cover.0}{Cover page}{}% 1
\BOOKMARK [0][]{chapter*.1}{Abbreviations and Acronyms}{}% 2
\BOOKMARK [0][]{bookmark.0.contents.0}{Contents}{}% 3
\BOOKMARK [0][]{chapter.1}{1 Introduction}{}% 4
\BOOKMARK [1][-]{section.1.1}{1.1 Problem statement}{chapter.1}% 5
\BOOKMARK [1][-]{section.1.2}{1.2 Methodology}{chapter.1}% 6
\BOOKMARK [1][-]{section.1.3}{1.3 Outline}{chapter.1}% 7
\BOOKMARK [0][]{chapter.2}{2 Literature Review}{}% 8
\BOOKMARK [1][-]{section.2.1}{2.1 Internet of Things}{chapter.2}% 9
\BOOKMARK [2][-]{subsection.2.1.1}{2.1.1 Industrial Internet of Things}{section.2.1}% 10
\BOOKMARK [2][-]{subsection.2.1.2}{2.1.2 Open Issues}{section.2.1}% 11
\BOOKMARK [3][-]{subsubsection.2.1.2.1}{2.1.2.1 Standardization}{subsection.2.1.2}% 12
\BOOKMARK [3][-]{subsubsection.2.1.2.2}{2.1.2.2 Security and privacy}{subsection.2.1.2}% 13
\BOOKMARK [1][-]{section.2.2}{2.2 Light Weight Machine to Machine \(LWM2M\)}{chapter.2}% 14
\BOOKMARK [1][-]{section.2.3}{2.3 Policy Based Communications for 5G Mobile with Customer Edge Switching}{chapter.2}% 15
\BOOKMARK [0][]{chapter.3}{3 Requirements}{}% 16
\BOOKMARK [1][-]{section.3.1}{3.1 Context}{chapter.3}% 17
\BOOKMARK [2][-]{subsection.3.1.1}{3.1.1 Smart Traffic}{section.3.1}% 18
\BOOKMARK [2][-]{subsection.3.1.2}{3.1.2 Connected Goods}{section.3.1}% 19
\BOOKMARK [2][-]{subsection.3.1.3}{3.1.3 Smart Crane}{section.3.1}% 20
\BOOKMARK [3][-]{subsubsection.3.1.3.1}{3.1.3.1 Maintenance}{subsection.3.1.3}% 21
\BOOKMARK [3][-]{subsubsection.3.1.3.2}{3.1.3.2 Users of the Crane}{subsection.3.1.3}% 22
\BOOKMARK [3][-]{subsubsection.3.1.3.3}{3.1.3.3 KoneCranes}{subsection.3.1.3}% 23
\BOOKMARK [1][-]{section.3.2}{3.2 Security }{chapter.3}% 24
\BOOKMARK [2][-]{subsection.3.2.1}{3.2.1 Access Control}{section.3.2}% 25
\BOOKMARK [2][-]{subsection.3.2.2}{3.2.2 Authentication}{section.3.2}% 26
\BOOKMARK [2][-]{subsection.3.2.3}{3.2.3 Authorization?}{section.3.2}% 27
\BOOKMARK [1][-]{section.3.3}{3.3 User Experience \205 FUNCTIONAL REQUIREMENTS}{chapter.3}% 28
\BOOKMARK [0][]{chapter.4}{4 Prototype Implementation}{}% 29
\BOOKMARK [1][-]{section.4.1}{4.1 Technologies Used}{chapter.4}% 30
\BOOKMARK [2][-]{subsection.4.1.1}{4.1.1 Django Framework}{section.4.1}% 31
\BOOKMARK [2][-]{subsection.4.1.2}{4.1.2 Bootstrap}{section.4.1}% 32
\BOOKMARK [1][-]{section.4.2}{4.2 Overview}{chapter.4}% 33
\BOOKMARK [2][-]{subsection.4.2.1}{4.2.1 Account Types}{section.4.2}% 34
\BOOKMARK [2][-]{subsection.4.2.2}{4.2.2 Device Management}{section.4.2}% 35
\BOOKMARK [2][-]{subsection.4.2.3}{4.2.3 Policy Management}{section.4.2}% 36
\BOOKMARK [1][-]{section.4.3}{4.3 Manufacturer}{chapter.4}% 37
\BOOKMARK [1][-]{section.4.4}{4.4 Customer}{chapter.4}% 38
\BOOKMARK [1][-]{section.4.5}{4.5 User}{chapter.4}% 39
\BOOKMARK [0][]{chapter.5}{5 Evaluation}{}% 40
\BOOKMARK [0][]{chapter.6}{6 Conclusion}{}% 41
\BOOKMARK [0][]{appendix.A}{A Appendix A}{}% 42
